{"name":"Login the user","id":"utest;login-the-user","testSteps":[{"number":1,"description":"Given than edier wants to learn automation at the utest\r\n| strUsername | strPassword |\r\n| ediernarvaezl@gmail.com | 3152300499eY#30 |","duration":16532,"startTime":"2022-03-31T21:02:40.028639200-05:00[America/Bogota]","exception":{"errorType":"net.thucydides.core.webdriver.exceptions.ElementShouldBeEnabledException","message":"Expected enabled element was not enabled","stackTrace":[{"classLoaderName":"app","declaringClass":"co.com.choucair.certification.utest.tasks.Login","methodName":"performAs","fileName":"Login.java","lineNumber":26,"format":1},{"classLoaderName":"app","declaringClass":"co.com.choucair.certification.utest.stepdefinitions.UtestStepDefinitions","methodName":"thatEdierWantsToLearnAutomationAtTheUtest","fileName":"UtestStepDefinitions.java","lineNumber":30,"format":1},{"classLoaderName":"app","declaringClass":"cucumber.runner.Runner","methodName":"runPickle","fileName":"Runner.java","lineNumber":80,"format":1}],"rootCause":{"errorType":"org.openqa.selenium.TimeoutException","message":"Expected condition failed: waiting for By.xpath: //a[contains(text(),\u0027Log In\u0027)] to be enabled (tried for 5 second(s) with 100 milliseconds interval)","stackTrace":[{"classLoaderName":"app","declaringClass":"co.com.choucair.certification.utest.tasks.Login","methodName":"performAs","fileName":"Login.java","lineNumber":26,"format":1},{"classLoaderName":"app","declaringClass":"co.com.choucair.certification.utest.stepdefinitions.UtestStepDefinitions","methodName":"thatEdierWantsToLearnAutomationAtTheUtest","fileName":"UtestStepDefinitions.java","lineNumber":30,"format":1},{"classLoaderName":"app","declaringClass":"cucumber.runner.Runner","methodName":"runPickle","fileName":"Runner.java","lineNumber":80,"format":1}],"rootCause":{"errorType":"org.openqa.selenium.NoSuchElementException","message":"no such element: Unable to locate element: {\"method\":\"xpath\",\"selector\":\"//a[contains(text(),\u0027Log In\u0027)]\"}\n  (Session info: chrome\u003d100.0.4896.60)\nFor documentation on this error, please visit: https://www.seleniumhq.org/exceptions/no_such_element.html\nBuild info: version: \u00273.141.59\u0027, revision: \u0027e82be7d358\u0027, time: \u00272018-11-14T08:17:03\u0027\nSystem info: host: \u0027LAPTOP-LN2PA8C5\u0027, ip: \u0027192.168.18.134\u0027, os.name: \u0027Windows 10\u0027, os.arch: \u0027amd64\u0027, os.version: \u002710.0\u0027, java.version: \u002711.0.4\u0027\nDriver info: org.openqa.selenium.chrome.ChromeDriver\nCapabilities {acceptInsecureCerts: false, browserName: chrome, browserVersion: 100.0.4896.60, chrome: {chromedriverVersion: 100.0.4896.60 (6a5d10861ce8..., userDataDir: C:\\Users\\EDIERP~1\\AppData\\L...}, goog:chromeOptions: {debuggerAddress: localhost:62425}, javascriptEnabled: true, networkConnectionEnabled: false, pageLoadStrategy: normal, platform: WINDOWS, platformName: WINDOWS, proxy: Proxy(), setWindowRect: true, strictFileInteractability: false, timeouts: {implicit: 0, pageLoad: 300000, script: 30000}, unhandledPromptBehavior: dismiss and notify, webauthn:extension:credBlob: true, webauthn:extension:largeBlob: true, webauthn:virtualAuthenticators: true}\nSession ID: 44f1f216b4e3b7b85385ac00f599055b\n*** Element info: {Using\u003dxpath, value\u003d//a[contains(text(),\u0027Log In\u0027)]}","stackTrace":[{"classLoaderName":"app","declaringClass":"co.com.choucair.certification.utest.tasks.Login","methodName":"performAs","fileName":"Login.java","lineNumber":26,"format":1},{"classLoaderName":"app","declaringClass":"co.com.choucair.certification.utest.stepdefinitions.UtestStepDefinitions","methodName":"thatEdierWantsToLearnAutomationAtTheUtest","fileName":"UtestStepDefinitions.java","lineNumber":30,"format":1},{"classLoaderName":"app","declaringClass":"cucumber.runner.Runner","methodName":"runPickle","fileName":"Runner.java","lineNumber":80,"format":1}]}}},"result":"FAILURE","precondition":false,"level":0,"lineNumber":0,"children":[{"number":2,"description":"Edier open up","duration":5680,"startTime":"2022-03-31T21:02:40.557227-05:00[America/Bogota]","screenshots":[{"screenshot":"074b3f6b49ea6ade5b5ce472311b1d27d0cb4b841950097d5960be4df09471c5.png","timeStamp":1648778566238}],"result":"SUCCESS","precondition":false,"level":1,"lineNumber":0,"children":[{"number":3,"description":"Edier opens the Utest page","duration":5648,"startTime":"2022-03-31T21:02:40.577172500-05:00[America/Bogota]","screenshots":[{"screenshot":"074b3f6b49ea6ade5b5ce472311b1d27d0cb4b841950097d5960be4df09471c5.png","timeStamp":1648778566225}],"result":"SUCCESS","precondition":false,"level":2,"lineNumber":0}]},{"number":4,"description":"Edier login","duration":10308,"startTime":"2022-03-31T21:02:46.240131800-05:00[America/Bogota]","exception":{"errorType":"net.thucydides.core.webdriver.exceptions.ElementShouldBeEnabledException","message":"Expected enabled element was not enabled","stackTrace":[{"classLoaderName":"app","declaringClass":"co.com.choucair.certification.utest.tasks.Login","methodName":"performAs","fileName":"Login.java","lineNumber":26,"format":1},{"classLoaderName":"app","declaringClass":"co.com.choucair.certification.utest.stepdefinitions.UtestStepDefinitions","methodName":"thatEdierWantsToLearnAutomationAtTheUtest","fileName":"UtestStepDefinitions.java","lineNumber":30,"format":1},{"classLoaderName":"app","declaringClass":"cucumber.runner.Runner","methodName":"runPickle","fileName":"Runner.java","lineNumber":80,"format":1}],"rootCause":{"errorType":"org.openqa.selenium.TimeoutException","message":"Expected condition failed: waiting for By.xpath: //a[contains(text(),\u0027Log In\u0027)] to be enabled (tried for 5 second(s) with 100 milliseconds interval)","stackTrace":[{"classLoaderName":"app","declaringClass":"co.com.choucair.certification.utest.tasks.Login","methodName":"performAs","fileName":"Login.java","lineNumber":26,"format":1},{"classLoaderName":"app","declaringClass":"co.com.choucair.certification.utest.stepdefinitions.UtestStepDefinitions","methodName":"thatEdierWantsToLearnAutomationAtTheUtest","fileName":"UtestStepDefinitions.java","lineNumber":30,"format":1},{"classLoaderName":"app","declaringClass":"cucumber.runner.Runner","methodName":"runPickle","fileName":"Runner.java","lineNumber":80,"format":1}],"rootCause":{"errorType":"org.openqa.selenium.NoSuchElementException","message":"no such element: Unable to locate element: {\"method\":\"xpath\",\"selector\":\"//a[contains(text(),\u0027Log In\u0027)]\"}\n  (Session info: chrome\u003d100.0.4896.60)\nFor documentation on this error, please visit: https://www.seleniumhq.org/exceptions/no_such_element.html\nBuild info: version: \u00273.141.59\u0027, revision: \u0027e82be7d358\u0027, time: \u00272018-11-14T08:17:03\u0027\nSystem info: host: \u0027LAPTOP-LN2PA8C5\u0027, ip: \u0027192.168.18.134\u0027, os.name: \u0027Windows 10\u0027, os.arch: \u0027amd64\u0027, os.version: \u002710.0\u0027, java.version: \u002711.0.4\u0027\nDriver info: org.openqa.selenium.chrome.ChromeDriver\nCapabilities {acceptInsecureCerts: false, browserName: chrome, browserVersion: 100.0.4896.60, chrome: {chromedriverVersion: 100.0.4896.60 (6a5d10861ce8..., userDataDir: C:\\Users\\EDIERP~1\\AppData\\L...}, goog:chromeOptions: {debuggerAddress: localhost:62425}, javascriptEnabled: true, networkConnectionEnabled: false, pageLoadStrategy: normal, platform: WINDOWS, platformName: WINDOWS, proxy: Proxy(), setWindowRect: true, strictFileInteractability: false, timeouts: {implicit: 0, pageLoad: 300000, script: 30000}, unhandledPromptBehavior: dismiss and notify, webauthn:extension:credBlob: true, webauthn:extension:largeBlob: true, webauthn:virtualAuthenticators: true}\nSession ID: 44f1f216b4e3b7b85385ac00f599055b\n*** Element info: {Using\u003dxpath, value\u003d//a[contains(text(),\u0027Log In\u0027)]}","stackTrace":[{"classLoaderName":"app","declaringClass":"co.com.choucair.certification.utest.tasks.Login","methodName":"performAs","fileName":"Login.java","lineNumber":26,"format":1},{"classLoaderName":"app","declaringClass":"co.com.choucair.certification.utest.stepdefinitions.UtestStepDefinitions","methodName":"thatEdierWantsToLearnAutomationAtTheUtest","fileName":"UtestStepDefinitions.java","lineNumber":30,"format":1},{"classLoaderName":"app","declaringClass":"cucumber.runner.Runner","methodName":"runPickle","fileName":"Runner.java","lineNumber":80,"format":1}]}}},"result":"FAILURE","precondition":false,"level":1,"lineNumber":0,"children":[{"number":5,"description":"Edier clicks on button that show us the form to login","duration":10265,"startTime":"2022-03-31T21:02:46.269051300-05:00[America/Bogota]","screenshots":[{"screenshot":"074b3f6b49ea6ade5b5ce472311b1d27d0cb4b841950097d5960be4df09471c5.png","htmlSource":"pagesource16808580735513970419.html.txt","timeStamp":1648778576526}],"exception":{"errorType":"net.thucydides.core.webdriver.exceptions.ElementShouldBeEnabledException","message":"Expected enabled element was not enabled","stackTrace":[{"classLoaderName":"app","declaringClass":"co.com.choucair.certification.utest.tasks.Login","methodName":"performAs","fileName":"Login.java","lineNumber":26,"format":1},{"classLoaderName":"app","declaringClass":"co.com.choucair.certification.utest.stepdefinitions.UtestStepDefinitions","methodName":"thatEdierWantsToLearnAutomationAtTheUtest","fileName":"UtestStepDefinitions.java","lineNumber":30,"format":1},{"classLoaderName":"app","declaringClass":"cucumber.runner.Runner","methodName":"runPickle","fileName":"Runner.java","lineNumber":80,"format":1}],"rootCause":{"errorType":"org.openqa.selenium.TimeoutException","message":"Expected condition failed: waiting for By.xpath: //a[contains(text(),\u0027Log In\u0027)] to be enabled (tried for 5 second(s) with 100 milliseconds interval)","stackTrace":[{"classLoaderName":"app","declaringClass":"co.com.choucair.certification.utest.tasks.Login","methodName":"performAs","fileName":"Login.java","lineNumber":26,"format":1},{"classLoaderName":"app","declaringClass":"co.com.choucair.certification.utest.stepdefinitions.UtestStepDefinitions","methodName":"thatEdierWantsToLearnAutomationAtTheUtest","fileName":"UtestStepDefinitions.java","lineNumber":30,"format":1},{"classLoaderName":"app","declaringClass":"cucumber.runner.Runner","methodName":"runPickle","fileName":"Runner.java","lineNumber":80,"format":1}],"rootCause":{"errorType":"org.openqa.selenium.NoSuchElementException","message":"no such element: Unable to locate element: {\"method\":\"xpath\",\"selector\":\"//a[contains(text(),\u0027Log In\u0027)]\"}\n  (Session info: chrome\u003d100.0.4896.60)\nFor documentation on this error, please visit: https://www.seleniumhq.org/exceptions/no_such_element.html\nBuild info: version: \u00273.141.59\u0027, revision: \u0027e82be7d358\u0027, time: \u00272018-11-14T08:17:03\u0027\nSystem info: host: \u0027LAPTOP-LN2PA8C5\u0027, ip: \u0027192.168.18.134\u0027, os.name: \u0027Windows 10\u0027, os.arch: \u0027amd64\u0027, os.version: \u002710.0\u0027, java.version: \u002711.0.4\u0027\nDriver info: org.openqa.selenium.chrome.ChromeDriver\nCapabilities {acceptInsecureCerts: false, browserName: chrome, browserVersion: 100.0.4896.60, chrome: {chromedriverVersion: 100.0.4896.60 (6a5d10861ce8..., userDataDir: C:\\Users\\EDIERP~1\\AppData\\L...}, goog:chromeOptions: {debuggerAddress: localhost:62425}, javascriptEnabled: true, networkConnectionEnabled: false, pageLoadStrategy: normal, platform: WINDOWS, platformName: WINDOWS, proxy: Proxy(), setWindowRect: true, strictFileInteractability: false, timeouts: {implicit: 0, pageLoad: 300000, script: 30000}, unhandledPromptBehavior: dismiss and notify, webauthn:extension:credBlob: true, webauthn:extension:largeBlob: true, webauthn:virtualAuthenticators: true}\nSession ID: 44f1f216b4e3b7b85385ac00f599055b\n*** Element info: {Using\u003dxpath, value\u003d//a[contains(text(),\u0027Log In\u0027)]}","stackTrace":[{"classLoaderName":"app","declaringClass":"co.com.choucair.certification.utest.tasks.Login","methodName":"performAs","fileName":"Login.java","lineNumber":26,"format":1},{"classLoaderName":"app","declaringClass":"co.com.choucair.certification.utest.stepdefinitions.UtestStepDefinitions","methodName":"thatEdierWantsToLearnAutomationAtTheUtest","fileName":"UtestStepDefinitions.java","lineNumber":30,"format":1},{"classLoaderName":"app","declaringClass":"cucumber.runner.Runner","methodName":"runPickle","fileName":"Runner.java","lineNumber":80,"format":1}]}}},"result":"FAILURE","precondition":false,"level":2,"lineNumber":0}]}]},{"number":6,"description":"When he finds the coursed called utest","duration":4,"startTime":"2022-03-31T21:02:56.584122500-05:00[America/Bogota]","result":"SKIPPED","precondition":false,"level":0,"lineNumber":0},{"number":7,"description":"Then the user Logout with their credentials","duration":9,"startTime":"2022-03-31T21:02:56.591102100-05:00[America/Bogota]","result":"SKIPPED","precondition":false,"level":0,"lineNumber":0}],"userStory":{"id":"utest","storyName":"Utest","path":"src/test/resources/features/utest.feature","narrative":"  As a user, I want to learn how to automate in screamplay at Utest page practice","type":"feature"},"featureTag":{"name":"Features/Utest","type":"feature","displayName":"Features/Utest"},"title":"Login the user","tags":[{"name":"scenario1","type":"tag","displayName":"scenario1"},{"name":"Utest","type":"feature","displayName":"Utest"},{"name":"stories","type":"tag","displayName":"stories"}],"startTime":"2022-03-31T21:02:39.905460800-05:00[America/Bogota]","duration":16698,"testFailureCause":{"errorType":"net.thucydides.core.webdriver.exceptions.ElementShouldBeEnabledException","message":"Expected enabled element was not enabled","stackTrace":[{"classLoaderName":"app","declaringClass":"co.com.choucair.certification.utest.tasks.Login","methodName":"performAs","fileName":"Login.java","lineNumber":26,"format":1},{"classLoaderName":"app","declaringClass":"co.com.choucair.certification.utest.stepdefinitions.UtestStepDefinitions","methodName":"thatEdierWantsToLearnAutomationAtTheUtest","fileName":"UtestStepDefinitions.java","lineNumber":30,"format":1},{"classLoaderName":"app","declaringClass":"cucumber.runner.Runner","methodName":"runPickle","fileName":"Runner.java","lineNumber":80,"format":1}],"rootCause":{"errorType":"org.openqa.selenium.TimeoutException","message":"Expected condition failed: waiting for By.xpath: //a[contains(text(),\u0027Log In\u0027)] to be enabled (tried for 5 second(s) with 100 milliseconds interval)","stackTrace":[{"classLoaderName":"app","declaringClass":"co.com.choucair.certification.utest.tasks.Login","methodName":"performAs","fileName":"Login.java","lineNumber":26,"format":1},{"classLoaderName":"app","declaringClass":"co.com.choucair.certification.utest.stepdefinitions.UtestStepDefinitions","methodName":"thatEdierWantsToLearnAutomationAtTheUtest","fileName":"UtestStepDefinitions.java","lineNumber":30,"format":1},{"classLoaderName":"app","declaringClass":"cucumber.runner.Runner","methodName":"runPickle","fileName":"Runner.java","lineNumber":80,"format":1}],"rootCause":{"errorType":"org.openqa.selenium.NoSuchElementException","message":"no such element: Unable to locate element: {\"method\":\"xpath\",\"selector\":\"//a[contains(text(),\u0027Log In\u0027)]\"}\n  (Session info: chrome\u003d100.0.4896.60)\nFor documentation on this error, please visit: https://www.seleniumhq.org/exceptions/no_such_element.html\nBuild info: version: \u00273.141.59\u0027, revision: \u0027e82be7d358\u0027, time: \u00272018-11-14T08:17:03\u0027\nSystem info: host: \u0027LAPTOP-LN2PA8C5\u0027, ip: \u0027192.168.18.134\u0027, os.name: \u0027Windows 10\u0027, os.arch: \u0027amd64\u0027, os.version: \u002710.0\u0027, java.version: \u002711.0.4\u0027\nDriver info: org.openqa.selenium.chrome.ChromeDriver\nCapabilities {acceptInsecureCerts: false, browserName: chrome, browserVersion: 100.0.4896.60, chrome: {chromedriverVersion: 100.0.4896.60 (6a5d10861ce8..., userDataDir: C:\\Users\\EDIERP~1\\AppData\\L...}, goog:chromeOptions: {debuggerAddress: localhost:62425}, javascriptEnabled: true, networkConnectionEnabled: false, pageLoadStrategy: normal, platform: WINDOWS, platformName: WINDOWS, proxy: Proxy(), setWindowRect: true, strictFileInteractability: false, timeouts: {implicit: 0, pageLoad: 300000, script: 30000}, unhandledPromptBehavior: dismiss and notify, webauthn:extension:credBlob: true, webauthn:extension:largeBlob: true, webauthn:virtualAuthenticators: true}\nSession ID: 44f1f216b4e3b7b85385ac00f599055b\n*** Element info: {Using\u003dxpath, value\u003d//a[contains(text(),\u0027Log In\u0027)]}","stackTrace":[{"classLoaderName":"app","declaringClass":"co.com.choucair.certification.utest.tasks.Login","methodName":"performAs","fileName":"Login.java","lineNumber":26,"format":1},{"classLoaderName":"app","declaringClass":"co.com.choucair.certification.utest.stepdefinitions.UtestStepDefinitions","methodName":"thatEdierWantsToLearnAutomationAtTheUtest","fileName":"UtestStepDefinitions.java","lineNumber":30,"format":1},{"classLoaderName":"app","declaringClass":"cucumber.runner.Runner","methodName":"runPickle","fileName":"Runner.java","lineNumber":80,"format":1}]}}},"testFailureClassname":"net.thucydides.core.webdriver.exceptions.ElementShouldBeEnabledException","testFailureMessage":"Expected enabled element was not enabled","testFailureSummary":"FAILURE;net.thucydides.core.webdriver.exceptions.ElementShouldBeEnabledException;Expected enabled element was not enabled;Login.java","projectKey":"","annotatedResult":"FAILURE","sessionId":"44f1f216b4e3b7b85385ac00f599055b","driver":"chrome:edier","isManualTestingUpToDate":false,"manual":false,"testSource":"Cucumber","actors":[{"name":"Edier","can":["browse the web"]}],"result":"FAILURE"}